[+] Starte Scraper im Container cb4fe23bb144 (2025-03-27_13-32-34)

[+] Capturing: AfD Weilheim-Schongau -> https://www.afd-weilheim-schongau.de/
[!] Telegram-Konfiguration fehlt.
[+] Capturing: AfD Weilheim-Schongau News -> https://www.afd-weilheim-schongau.de/neu/
[i] Keine Änderung bei AfD Weilheim-Schongau News
[+] Capturing: AfD Bayern KV Weilheim-Schongau -> https://afdbayern.de/kreis-ortsverbaende/oberbayern/weilheim-schongau/
[!] Telegram-Konfiguration fehlt.
[+] Capturing: AfD Bayern KV Garmisch-Partenkirchen -> https://afdbayern.de/kreis-ortsverbaende/oberbayern/garmisch-partenkirchen/
[!] Telegram-Konfiguration fehlt.
[+] Capturing: AfD Bayern KV Starnberg -> https://afdbayern.de/kreis-ortsverbaende/oberbayern/starnberg/
[!] Telegram-Konfiguration fehlt.
[+] Capturing: AfD Bayern KV Bad Tölz -> https://afdbayern.de/kreis-ortsverbaende/oberbayern/badtoelz/
[!] Telegram-Konfiguration fehlt.
[+] Capturing: AfD Bayern KV Miesbach -> https://afdbayern.de/kreis-ortsverbaende/oberbayern/oberbayern-sued/
[!] Telegram-Konfiguration fehlt.
[+] Capturing: AfD Oberbayern -> https://www.afd-oberbayern.de/
[!] Telegram-Konfiguration fehlt.
[+] Capturing: AfD Miesbach -> https://www.afd-miesbach.de/
[!] Telegram-Konfiguration fehlt.
[+] Capturing: AfD Miesbach News -> https://www.afd-miesbach.de/corona-fakten-medien-2/
[!] Telegram-Konfiguration fehlt.
[+] Capturing: AfD Ulrich Singer -> https://singer-afd.de/
[!] Telegram-Konfiguration fehlt.
[+] Capturing: AfD Bad Tölz -> https://www.afd-toelz.de/
[!] Telegram-Konfiguration fehlt.
[+] Capturing: AfD Bad Tölz News -> https://www.afd-toelz.de/pressemitteilungen-des-afd-kreisverbandes-toelz/
[!] Telegram-Konfiguration fehlt.
[+] Capturing: AfD Starnberg -> https://afd-starnberg.de/
[i] Keine Änderung bei AfD Starnberg
[+] Capturing: Instagram Gerrit Huy -> https://www.instagram.com/gerrithuy.afd/
[i] Keine Änderung bei Instagram Gerrit Huy
[+] Capturing: Facebook Gerrit Huy -> https://www.facebook.com/gerrithuy.afd/
[i] Keine Änderung bei Facebook Gerrit Huy
[+] Capturing: Twitter Gerrit Huy -> https://twitter.com/GerritHuy
[!] Telegram-Konfiguration fehlt.
[+] Capturing: Facebook Benjamin Nolte -> https://www.facebook.com/benjamin.nolte.afd/
[i] Keine Änderung bei Facebook Benjamin Nolte
[+] Capturing: Facebook AfD Miesbach -> https://www.facebook.com/AfD.Miesbach/
[i] Keine Änderung bei Facebook AfD Miesbach
[+] Capturing: Facebook Ingo Hahn -> https://www.facebook.com/Prof.Dr.IngoHahnMdL/
[i] Keine Änderung bei Facebook Ingo Hahn
