[+] Starte Scraper im Container 3651badd6949 (2025-03-29_11-00-01)

[+] Capturing: AfD Weilheim-Schongau News -> https://www.afd-weilheim-schongau.de/neu/
[~] Versuche Facebook-Popups zu entfernen ...
[~] Kein Login-Overlay erkannt
[~] Popup-Handling abgeschlossen.
[i] Unterschied zu gering (0.00 < 15) – kein Alert.
[i] Keine Änderung bei AfD Weilheim-Schongau News, Screenshot verworfen.
[+] Capturing: AfD Bayern KV Weilheim-Schongau -> https://afdbayern.de/kreis-ortsverbaende/oberbayern/weilheim-schongau/
[~] Versuche Facebook-Popups zu entfernen ...
[~] Kein Login-Overlay erkannt
[~] Popup-Handling abgeschlossen.
[i] Unterschied zu gering (0.00 < 15) – kein Alert.
[i] Keine Änderung bei AfD Bayern KV Weilheim-Schongau, Screenshot verworfen.
[+] Capturing: AfD Bayern KV Garmisch-Partenkirchen -> https://afdbayern.de/kreis-ortsverbaende/oberbayern/garmisch-partenkirchen/
[~] Versuche Facebook-Popups zu entfernen ...
[~] Kein Login-Overlay erkannt
[~] Popup-Handling abgeschlossen.
[i] Unterschied zu gering (0.00 < 15) – kein Alert.
[i] Keine Änderung bei AfD Bayern KV Garmisch-Partenkirchen, Screenshot verworfen.
[+] Capturing: AfD Bayern KV Starnberg -> https://afdbayern.de/kreis-ortsverbaende/oberbayern/starnberg/
[~] Versuche Facebook-Popups zu entfernen ...
[~] Kein Login-Overlay erkannt
[~] Popup-Handling abgeschlossen.
[i] Unterschied zu gering (0.00 < 15) – kein Alert.
[i] Keine Änderung bei AfD Bayern KV Starnberg, Screenshot verworfen.
[+] Capturing: AfD Bayern KV Bad Tölz -> https://afdbayern.de/kreis-ortsverbaende/oberbayern/badtoelz/
[~] Versuche Facebook-Popups zu entfernen ...
[~] Kein Login-Overlay erkannt
[~] Popup-Handling abgeschlossen.
[i] Unterschied zu gering (0.00 < 15) – kein Alert.
[i] Keine Änderung bei AfD Bayern KV Bad Tölz, Screenshot verworfen.
[+] Capturing: AfD Oberbayern -> https://www.afd-oberbayern.de/
[~] Versuche Facebook-Popups zu entfernen ...
[~] Kein Login-Overlay erkannt
[~] Popup-Handling abgeschlossen.
[i] Unterschied zu gering (0.00 < 15) – kein Alert.
[i] Keine Änderung bei AfD Oberbayern, Screenshot verworfen.
[+] Capturing: AfD Miesbach -> https://www.afd-miesbach.de/
[~] Versuche Facebook-Popups zu entfernen ...
[~] Kein Login-Overlay erkannt
[~] Popup-Handling abgeschlossen.
[i] Unterschied zu gering (0.18 < 15) – kein Alert.
[i] Keine Änderung bei AfD Miesbach, Screenshot verworfen.
[+] Capturing: AfD Miesbach News -> https://www.afd-miesbach.de/corona-fakten-medien-2/
[❌] Fehler bei https://www.afd-miesbach.de/corona-fakten-medien-2/: Timeout 15000ms exceeded.
[+] Capturing: AfD Ulrich Singer -> https://singer-afd.de/
[~] Versuche Facebook-Popups zu entfernen ...
[~] Kein Login-Overlay erkannt
[~] Popup-Handling abgeschlossen.
[i] Unterschied zu gering (0.00 < 15) – kein Alert.
[i] Keine Änderung bei AfD Ulrich Singer, Screenshot verworfen.
[+] Capturing: AfD Bad Tölz News -> https://www.afd-toelz.de/pressemitteilungen-des-afd-kreisverbandes-toelz/
[~] Versuche Facebook-Popups zu entfernen ...
[~] Kein Login-Overlay erkannt
[~] Popup-Handling abgeschlossen.
[i] Unterschied zu gering (0.00 < 15) – kein Alert.
[i] Keine Änderung bei AfD Bad Tölz News, Screenshot verworfen.
[+] Capturing: AfD Starnberg -> https://afd-starnberg.de/
[~] Versuche Facebook-Popups zu entfernen ...
[~] Kein Login-Overlay erkannt
[~] Popup-Handling abgeschlossen.
[i] Unterschied zu gering (0.00 < 15) – kein Alert.
[i] Keine Änderung bei AfD Starnberg, Screenshot verworfen.
[+] Capturing: Twitter Pauline Pezold -> https://nitter.space/PaulinePezold
[~] Versuche Facebook-Popups zu entfernen ...
[~] Kein Login-Overlay erkannt
[~] Popup-Handling abgeschlossen.
[i] Unterschied zu gering (0.00 < 15) – kein Alert.
[i] Keine Änderung bei Twitter Pauline Pezold, Screenshot verworfen.
[+] Capturing: Twitter Politico Europe -> https://nitter.space/POLITICOEurope
[~] Versuche Facebook-Popups zu entfernen ...
[~] Kein Login-Overlay erkannt
[~] Popup-Handling abgeschlossen.
[!] Änderung erkannt (19.38 >= 15)
[+] Capturing: Twitter Marie-Therese Kaiser -> https://nitter.space/hallofraukaiser
[~] Versuche Facebook-Popups zu entfernen ...
[~] Kein Login-Overlay erkannt
[~] Popup-Handling abgeschlossen.
[i] Unterschied zu gering (3.00 < 15) – kein Alert.
[i] Keine Änderung bei Twitter Marie-Therese Kaiser, Screenshot verworfen.
[+] Capturing: Twitter AfD -> https://nitter.space/AfD
[~] Versuche Facebook-Popups zu entfernen ...
[~] Kein Login-Overlay erkannt
[~] Popup-Handling abgeschlossen.
[i] Unterschied zu gering (0.00 < 15) – kein Alert.
[i] Keine Änderung bei Twitter AfD, Screenshot verworfen.
[+] Capturing: Twitter AfD Bundestag -> https://nitter.space/AfDimBundestag
[~] Versuche Facebook-Popups zu entfernen ...
[~] Kein Login-Overlay erkannt
[~] Popup-Handling abgeschlossen.
[i] Unterschied zu gering (0.00 < 15) – kein Alert.
[i] Keine Änderung bei Twitter AfD Bundestag, Screenshot verworfen.
[+] Capturing: Twitter Gerrit Huy -> https://nitter.space/GerritHuy
[~] Versuche Facebook-Popups zu entfernen ...
[~] Kein Login-Overlay erkannt
[~] Popup-Handling abgeschlossen.
[i] Unterschied zu gering (0.00 < 15) – kein Alert.
[i] Keine Änderung bei Twitter Gerrit Huy, Screenshot verworfen.
[+] Capturing: Twitter Benjamin Nolte -> https://nitter.space/BenjaminNolte3
[~] Versuche Facebook-Popups zu entfernen ...
[~] Kein Login-Overlay erkannt
[~] Popup-Handling abgeschlossen.
[i] Unterschied zu gering (0.00 < 15) – kein Alert.
[i] Keine Änderung bei Twitter Benjamin Nolte, Screenshot verworfen.
[+] Capturing: Twitter Alexander Gauland -> https://nitter.space/ag_afd
[~] Versuche Facebook-Popups zu entfernen ...
[~] Kein Login-Overlay erkannt
[~] Popup-Handling abgeschlossen.
[i] Unterschied zu gering (0.00 < 15) – kein Alert.
[i] Keine Änderung bei Twitter Alexander Gauland, Screenshot verworfen.
[+] Capturing: Twitter Ingo Hahn -> https://nitter.space/IngoHahnAfD
[~] Versuche Facebook-Popups zu entfernen ...
[~] Kein Login-Overlay erkannt
[~] Popup-Handling abgeschlossen.
[i] Unterschied zu gering (0.00 < 15) – kein Alert.
[i] Keine Änderung bei Twitter Ingo Hahn, Screenshot verworfen.
[+] Capturing: Twitter Alice Weidel -> https://nitter.space/Alice_Weidel
[~] Versuche Facebook-Popups zu entfernen ...
[~] Kein Login-Overlay erkannt
[~] Popup-Handling abgeschlossen.
[i] Unterschied zu gering (0.01 < 15) – kein Alert.
[i] Keine Änderung bei Twitter Alice Weidel, Screenshot verworfen.
[+] Capturing: Twitter Björn Höcke -> https://nitter.space/BjoernHoecke
[~] Versuche Facebook-Popups zu entfernen ...
[~] Kein Login-Overlay erkannt
[~] Popup-Handling abgeschlossen.
[i] Unterschied zu gering (0.00 < 15) – kein Alert.
[i] Keine Änderung bei Twitter Björn Höcke, Screenshot verworfen.
[+] Capturing: Twitter Beatrix von Storch -> https://nitter.space/Beatrix_vStorch
[~] Versuche Facebook-Popups zu entfernen ...
[~] Kein Login-Overlay erkannt
[~] Popup-Handling abgeschlossen.
[i] Unterschied zu gering (0.01 < 15) – kein Alert.
[i] Keine Änderung bei Twitter Beatrix von Storch, Screenshot verworfen.
[+] Capturing: Twitter Tino Chrupalla -> https://nitter.space/Tino_Chrupalla
[~] Versuche Facebook-Popups zu entfernen ...
[~] Kein Login-Overlay erkannt
[~] Popup-Handling abgeschlossen.
[i] Unterschied zu gering (0.00 < 15) – kein Alert.
[i] Keine Änderung bei Twitter Tino Chrupalla, Screenshot verworfen.
[+] Capturing: Twitter Hannes Gnauck -> https://nitter.space/Hannes_Gnauck
[~] Versuche Facebook-Popups zu entfernen ...
[~] Kein Login-Overlay erkannt
[~] Popup-Handling abgeschlossen.
[i] Unterschied zu gering (0.00 < 15) – kein Alert.
[i] Keine Änderung bei Twitter Hannes Gnauck, Screenshot verworfen.
[+] Capturing: Twitter Sven Kachelmann -> https://nitter.space/SvenKachelmann
[~] Versuche Facebook-Popups zu entfernen ...
[~] Kein Login-Overlay erkannt
[~] Popup-Handling abgeschlossen.
[i] Unterschied zu gering (0.00 < 15) – kein Alert.
[i] Keine Änderung bei Twitter Sven Kachelmann, Screenshot verworfen.
[+] Capturing: Twitter Tomasz Frölich -> https://nitter.space/TomaszFroelich
[~] Versuche Facebook-Popups zu entfernen ...
[~] Kein Login-Overlay erkannt
[~] Popup-Handling abgeschlossen.
[i] Unterschied zu gering (0.00 < 15) – kein Alert.
[i] Keine Änderung bei Twitter Tomasz Frölich, Screenshot verworfen.
[+] Capturing: Twitter Franz Schmid -> https://nitter.space/FranzSchmid_AfD
[~] Versuche Facebook-Popups zu entfernen ...
[~] Kein Login-Overlay erkannt
[~] Popup-Handling abgeschlossen.
[i] Unterschied zu gering (0.00 < 15) – kein Alert.
[i] Keine Änderung bei Twitter Franz Schmid, Screenshot verworfen.
[+] Capturing: Twitter Dirk Brandes -> https://nitter.space/DirkBrandes74
[~] Versuche Facebook-Popups zu entfernen ...
[~] Kein Login-Overlay erkannt
[~] Popup-Handling abgeschlossen.
[i] Unterschied zu gering (0.00 < 15) – kein Alert.
[i] Keine Änderung bei Twitter Dirk Brandes, Screenshot verworfen.
[+] Capturing: Twitter Klaus Esser -> https://nitter.space/klausesser_nrw
[~] Versuche Facebook-Popups zu entfernen ...
[~] Kein Login-Overlay erkannt
[~] Popup-Handling abgeschlossen.
[i] Unterschied zu gering (0.00 < 15) – kein Alert.
[i] Keine Änderung bei Twitter Klaus Esser, Screenshot verworfen.
[+] Capturing: Twitter Julia Klöckner -> https://nitter.space/JuliaKloeckner
[~] Versuche Facebook-Popups zu entfernen ...
[~] Kein Login-Overlay erkannt
[~] Popup-Handling abgeschlossen.
[i] Unterschied zu gering (0.00 < 15) – kein Alert.
[i] Keine Änderung bei Twitter Julia Klöckner, Screenshot verworfen.
