[+] Starte Scraper im Container 712d57a2be66 (2025-03-27_21-00-01)

[+] Capturing: Twitter AfD -> https://nitter.space/AfD
[~] Versuche Facebook-Popups zu entfernen ...
[~] Kein Login-Overlay erkannt
[~] Popup-Handling abgeschlossen.
[+] Capturing: Twitter AfD Bundestag -> https://nitter.space/AfDimBundestag
[~] Versuche Facebook-Popups zu entfernen ...
[~] Kein Login-Overlay erkannt
[~] Popup-Handling abgeschlossen.
[+] Capturing: Twitter Gerrit Huy -> https://nitter.space/GerritHuy
[~] Versuche Facebook-Popups zu entfernen ...
[~] Kein Login-Overlay erkannt
[~] Popup-Handling abgeschlossen.
[+] Capturing: Twitter Benjamin Nolte -> https://nitter.space/BenjaminNolte3
[~] Versuche Facebook-Popups zu entfernen ...
[~] Kein Login-Overlay erkannt
[~] Popup-Handling abgeschlossen.
[i] Keine Änderung bei Twitter Benjamin Nolte, Screenshot verworfen.
[+] Capturing: Twitter Alexander Gauland -> https://nitter.space/ag_afd
[~] Versuche Facebook-Popups zu entfernen ...
[~] Kein Login-Overlay erkannt
[~] Popup-Handling abgeschlossen.
[+] Capturing: Twitter Ingo Hahn -> https://nitter.space/IngoHahnAfD
[~] Versuche Facebook-Popups zu entfernen ...
[~] Kein Login-Overlay erkannt
[~] Popup-Handling abgeschlossen.
[+] Capturing: Twitter Alice Weidel -> https://nitter.space/Alice_Weidel
[~] Versuche Facebook-Popups zu entfernen ...
[~] Kein Login-Overlay erkannt
[~] Popup-Handling abgeschlossen.
[+] Capturing: Twitter Björn Höcke -> https://nitter.space/BjoernHoecke
[~] Versuche Facebook-Popups zu entfernen ...
[~] Kein Login-Overlay erkannt
[~] Popup-Handling abgeschlossen.
[+] Capturing: Twitter Beatrix von Storch -> https://nitter.space/Beatrix_vStorch
[~] Versuche Facebook-Popups zu entfernen ...
[~] Kein Login-Overlay erkannt
[~] Popup-Handling abgeschlossen.
[+] Capturing: Twitter Tino Chrupalla -> https://nitter.space/Tino_Chrupalla
[~] Versuche Facebook-Popups zu entfernen ...
[~] Kein Login-Overlay erkannt
[~] Popup-Handling abgeschlossen.
