[+] Starte Scraper im Container 2311b4bcdf82 (2025-03-27_15-04-08)

[+] Capturing: AfD Weilheim-Schongau -> https://www.afd-weilheim-schongau.de/
[~] Versuche Facebook-Popups zu entfernen ...
[~] Kein Login-Overlay erkannt
[~] Popup-Handling abgeschlossen.
[+] Capturing: AfD Weilheim-Schongau News -> https://www.afd-weilheim-schongau.de/neu/
[~] Versuche Facebook-Popups zu entfernen ...
[~] Kein Login-Overlay erkannt
[~] Popup-Handling abgeschlossen.
[i] Keine Änderung bei AfD Weilheim-Schongau News
[+] Capturing: AfD Bayern KV Weilheim-Schongau -> https://afdbayern.de/kreis-ortsverbaende/oberbayern/weilheim-schongau/
[~] Versuche Facebook-Popups zu entfernen ...
[~] Kein Login-Overlay erkannt
[~] Popup-Handling abgeschlossen.
[i] Keine Änderung bei AfD Bayern KV Weilheim-Schongau
[+] Capturing: AfD Bayern KV Garmisch-Partenkirchen -> https://afdbayern.de/kreis-ortsverbaende/oberbayern/garmisch-partenkirchen/
[~] Versuche Facebook-Popups zu entfernen ...
[~] Kein Login-Overlay erkannt
[~] Popup-Handling abgeschlossen.
[i] Keine Änderung bei AfD Bayern KV Garmisch-Partenkirchen
[+] Capturing: AfD Bayern KV Starnberg -> https://afdbayern.de/kreis-ortsverbaende/oberbayern/starnberg/
[~] Versuche Facebook-Popups zu entfernen ...
[~] Kein Login-Overlay erkannt
[~] Popup-Handling abgeschlossen.
[i] Keine Änderung bei AfD Bayern KV Starnberg
[+] Capturing: AfD Bayern KV Bad Tölz -> https://afdbayern.de/kreis-ortsverbaende/oberbayern/badtoelz/
[~] Versuche Facebook-Popups zu entfernen ...
[~] Kein Login-Overlay erkannt
[~] Popup-Handling abgeschlossen.
[i] Keine Änderung bei AfD Bayern KV Bad Tölz
[+] Capturing: AfD Bayern KV Miesbach -> https://afdbayern.de/kreis-ortsverbaende/oberbayern/oberbayern-sued/
[~] Versuche Facebook-Popups zu entfernen ...
[~] Kein Login-Overlay erkannt
[~] Popup-Handling abgeschlossen.
[i] Keine Änderung bei AfD Bayern KV Miesbach
[+] Capturing: AfD Oberbayern -> https://www.afd-oberbayern.de/
[~] Versuche Facebook-Popups zu entfernen ...
[~] Kein Login-Overlay erkannt
[~] Popup-Handling abgeschlossen.
[i] Keine Änderung bei AfD Oberbayern
[+] Capturing: AfD Miesbach -> https://www.afd-miesbach.de/
[~] Versuche Facebook-Popups zu entfernen ...
[~] Kein Login-Overlay erkannt
[~] Popup-Handling abgeschlossen.
[+] Capturing: AfD Miesbach News -> https://www.afd-miesbach.de/corona-fakten-medien-2/
[~] Versuche Facebook-Popups zu entfernen ...
[~] Kein Login-Overlay erkannt
[~] Popup-Handling abgeschlossen.
[+] Capturing: AfD Ulrich Singer -> https://singer-afd.de/
[~] Versuche Facebook-Popups zu entfernen ...
[~] Kein Login-Overlay erkannt
[~] Popup-Handling abgeschlossen.
[i] Keine Änderung bei AfD Ulrich Singer
[+] Capturing: AfD Bad Tölz -> https://www.afd-toelz.de/
[~] Versuche Facebook-Popups zu entfernen ...
[~] Kein Login-Overlay erkannt
[~] Popup-Handling abgeschlossen.
[!] Telegram-Foto-Fehler: {"ok":false,"error_code":400,"description":"Bad Request: PHOTO_INVALID_DIMENSIONS"}
[+] Capturing: AfD Bad Tölz News -> https://www.afd-toelz.de/pressemitteilungen-des-afd-kreisverbandes-toelz/
[~] Versuche Facebook-Popups zu entfernen ...
[~] Kein Login-Overlay erkannt
[~] Popup-Handling abgeschlossen.
[+] Capturing: AfD Starnberg -> https://afd-starnberg.de/
[~] Versuche Facebook-Popups zu entfernen ...
[~] Kein Login-Overlay erkannt
[~] Popup-Handling abgeschlossen.
[i] Keine Änderung bei AfD Starnberg
[+] Capturing: Instagram Gerrit Huy -> https://www.instagram.com/gerrithuy.afd/
[~] Versuche Facebook-Popups zu entfernen ...
[~] Kein Login-Overlay erkannt
[~] Popup-Handling abgeschlossen.
[i] Keine Änderung bei Instagram Gerrit Huy
[+] Capturing: Facebook Gerrit Huy -> https://www.facebook.com/gerrithuy.afd/
[~] Versuche Facebook-Popups zu entfernen ...
[~] Kein Login-Overlay erkannt
[~] Popup-Handling abgeschlossen.
[i] Keine Änderung bei Facebook Gerrit Huy
[+] Capturing: Twitter Gerrit Huy -> https://twitter.com/GerritHuy
[~] Versuche Facebook-Popups zu entfernen ...
[~] Kein Login-Overlay erkannt
[~] Popup-Handling abgeschlossen.
[!] Telegram-Foto-Fehler: {"ok":false,"error_code":400,"description":"Bad Request: PHOTO_INVALID_DIMENSIONS"}
[+] Capturing: Facebook Benjamin Nolte -> https://www.facebook.com/benjamin.nolte.afd/
[~] Versuche Facebook-Popups zu entfernen ...
[~] Kein Login-Overlay erkannt
[~] Popup-Handling abgeschlossen.
[i] Keine Änderung bei Facebook Benjamin Nolte
[+] Capturing: Facebook AfD Miesbach -> https://www.facebook.com/AfD.Miesbach/
[~] Versuche Facebook-Popups zu entfernen ...
[~] Kein Login-Overlay erkannt
[~] Popup-Handling abgeschlossen.
[i] Keine Änderung bei Facebook AfD Miesbach
[+] Capturing: Facebook Ingo Hahn -> https://www.facebook.com/Prof.Dr.IngoHahnMdL/
[~] Versuche Facebook-Popups zu entfernen ...
[~] Kein Login-Overlay erkannt
[~] Popup-Handling abgeschlossen.
[i] Keine Änderung bei Facebook Ingo Hahn
