[+] Starte Scraper im Container 41c2b02df1d4 (2025-03-27_15-58-59)

[+] Capturing: Twitter Gerrit Huy -> https://nitter.net/GerritHuy
Traceback (most recent call last):
  File "/app/main.py", line 94, in <module>
    main()
  File "/app/main.py", line 91, in main
    capture_page(name, url)
  File "/app/main.py", line 27, in capture_page
    browser = p.chromium.launch(headless=False)
  File "/usr/local/lib/python3.10/dist-packages/playwright/sync_api/_generated.py", line 14493, in launch
    self._sync(
  File "/usr/local/lib/python3.10/dist-packages/playwright/_impl/_sync_base.py", line 115, in _sync
    return task.result()
  File "/usr/local/lib/python3.10/dist-packages/playwright/_impl/_browser_type.py", line 96, in launch
    Browser, from_channel(await self._channel.send("launch", params))
  File "/usr/local/lib/python3.10/dist-packages/playwright/_impl/_connection.py", line 61, in send
    return await self._connection.wrap_api_call(
  File "/usr/local/lib/python3.10/dist-packages/playwright/_impl/_connection.py", line 528, in wrap_api_call
    raise rewrite_error(error, f"{parsed_st['apiName']}: {error}") from None
playwright._impl._errors.TargetClosedError: BrowserType.launch: Target page, context or browser has been closed
Browser logs:

╔════════════════════════════════════════════════════════════════════════════════════════════════╗
║ Looks like you launched a headed browser without having a XServer running.                     ║
║ Set either 'headless: true' or use 'xvfb-run <your-playwright-app>' before running Playwright. ║
║                                                                                                ║
║ <3 Playwright Team                                                                             ║
╚════════════════════════════════════════════════════════════════════════════════════════════════╝
Call log:
  - <launching> /ms-playwright/chromium-1161/chrome-linux/chrome --disable-field-trial-config --disable-background-networking --disable-background-timer-throttling --disable-backgrounding-occluded-windows --disable-back-forward-cache --disable-breakpad --disable-client-side-phishing-detection --disable-component-extensions-with-background-pages --disable-component-update --no-default-browser-check --disable-default-apps --disable-dev-shm-usage --disable-extensions --disable-features=AcceptCHFrame,AutoExpandDetailsElement,AvoidUnnecessaryBeforeUnloadCheckSync,CertificateTransparencyComponentUpdater,DeferRendererTasksAfterInput,DestroyProfileOnBrowserClose,DialMediaRouteProvider,ExtensionManifestV2Disabled,GlobalMediaControls,HttpsUpgrades,ImprovedCookieControls,LazyFrameLoading,LensOverlay,MediaRouter,PaintHolding,ThirdPartyStoragePartitioning,Translate --allow-pre-commit-input --disable-hang-monitor --disable-ipc-flooding-protection --disable-popup-blocking --disable-prompt-on-repost --disable-renderer-backgrounding --force-color-profile=srgb --metrics-recording-only --no-first-run --enable-automation --password-store=basic --use-mock-keychain --no-service-autorun --export-tagged-pdf --disable-search-engine-choice-screen --unsafely-disable-devtools-self-xss-warnings --no-sandbox --user-data-dir=/tmp/playwright_chromiumdev_profile-rmBzSV --remote-debugging-pipe --no-startup-window
  -   - <launched> pid=26
  -   - [pid=26][err] [26:41:0327/155900.530133:ERROR:bus.cc(408)] Failed to connect to the bus: Failed to connect to socket /run/dbus/system_bus_socket: No such file or directory
  -   - [pid=26][err] [26:26:0327/155900.536903:ERROR:ozone_platform_x11.cc(245)] Missing X server or $DISPLAY
  -   - [pid=26][err] [26:26:0327/155900.536935:ERROR:env.cc(257)] The platform failed to initialize.  Exiting.

