[+] Starte Scraper im Container d857e58a8a77 (2025-03-28_21-00-01)

[+] Capturing: Twitter AfD -> https://nitter.space/AfD
[~] Versuche Facebook-Popups zu entfernen ...
[~] Kein Login-Overlay erkannt
[~] Popup-Handling abgeschlossen.
[i] Unterschied zu gering (18.66 < 20) – kein Alert.
[i] Keine Änderung bei Twitter AfD, Screenshot verworfen.
[+] Capturing: Twitter AfD Bundestag -> https://nitter.space/AfDimBundestag
[~] Versuche Facebook-Popups zu entfernen ...
[~] Kein Login-Overlay erkannt
[~] Popup-Handling abgeschlossen.
[i] Unterschied zu gering (0.00 < 20) – kein Alert.
[i] Keine Änderung bei Twitter AfD Bundestag, Screenshot verworfen.
[+] Capturing: Twitter Gerrit Huy -> https://nitter.space/GerritHuy
[~] Versuche Facebook-Popups zu entfernen ...
[~] Kein Login-Overlay erkannt
[~] Popup-Handling abgeschlossen.
[i] Unterschied zu gering (0.00 < 20) – kein Alert.
[i] Keine Änderung bei Twitter Gerrit Huy, Screenshot verworfen.
[+] Capturing: Twitter Benjamin Nolte -> https://nitter.space/BenjaminNolte3
[~] Versuche Facebook-Popups zu entfernen ...
[~] Kein Login-Overlay erkannt
[~] Popup-Handling abgeschlossen.
[i] Unterschied zu gering (0.00 < 20) – kein Alert.
[i] Keine Änderung bei Twitter Benjamin Nolte, Screenshot verworfen.
[+] Capturing: Twitter Alexander Gauland -> https://nitter.space/ag_afd
[~] Versuche Facebook-Popups zu entfernen ...
[~] Kein Login-Overlay erkannt
[~] Popup-Handling abgeschlossen.
[i] Unterschied zu gering (0.00 < 20) – kein Alert.
[i] Keine Änderung bei Twitter Alexander Gauland, Screenshot verworfen.
[+] Capturing: Twitter Ingo Hahn -> https://nitter.space/IngoHahnAfD
[~] Versuche Facebook-Popups zu entfernen ...
[~] Kein Login-Overlay erkannt
[~] Popup-Handling abgeschlossen.
[i] Unterschied zu gering (0.00 < 20) – kein Alert.
[i] Keine Änderung bei Twitter Ingo Hahn, Screenshot verworfen.
[+] Capturing: Twitter Alice Weidel -> https://nitter.space/Alice_Weidel
[~] Versuche Facebook-Popups zu entfernen ...
[~] Kein Login-Overlay erkannt
[~] Popup-Handling abgeschlossen.
[i] Unterschied zu gering (0.01 < 20) – kein Alert.
[i] Keine Änderung bei Twitter Alice Weidel, Screenshot verworfen.
[+] Capturing: Twitter Björn Höcke -> https://nitter.space/BjoernHoecke
[~] Versuche Facebook-Popups zu entfernen ...
[~] Kein Login-Overlay erkannt
[~] Popup-Handling abgeschlossen.
[i] Unterschied zu gering (0.00 < 20) – kein Alert.
[i] Keine Änderung bei Twitter Björn Höcke, Screenshot verworfen.
[+] Capturing: Twitter Beatrix von Storch -> https://nitter.space/Beatrix_vStorch
[~] Versuche Facebook-Popups zu entfernen ...
[~] Kein Login-Overlay erkannt
[~] Popup-Handling abgeschlossen.
[i] Unterschied zu gering (0.00 < 20) – kein Alert.
[i] Keine Änderung bei Twitter Beatrix von Storch, Screenshot verworfen.
[+] Capturing: Twitter Tino Chrupalla -> https://nitter.space/Tino_Chrupalla
[~] Versuche Facebook-Popups zu entfernen ...
[~] Kein Login-Overlay erkannt
[~] Popup-Handling abgeschlossen.
[i] Unterschied zu gering (0.00 < 20) – kein Alert.
[i] Keine Änderung bei Twitter Tino Chrupalla, Screenshot verworfen.
[+] Capturing: Twitter Hannes Gnauck -> https://nitter.space/Hannes_Gnauck
[~] Versuche Facebook-Popups zu entfernen ...
[~] Kein Login-Overlay erkannt
[~] Popup-Handling abgeschlossen.
[!] Änderung erkannt (35.50 >= 20)
[+] Capturing: Twitter Sven Kachelmann -> https://nitter.space/SvenKachelmann
[~] Versuche Facebook-Popups zu entfernen ...
[~] Kein Login-Overlay erkannt
[~] Popup-Handling abgeschlossen.
[i] Unterschied zu gering (0.00 < 20) – kein Alert.
[i] Keine Änderung bei Twitter Sven Kachelmann, Screenshot verworfen.
[+] Capturing: Twitter Tomasz Frölich -> https://nitter.space/TomaszFroelich
[~] Versuche Facebook-Popups zu entfernen ...
[~] Kein Login-Overlay erkannt
[~] Popup-Handling abgeschlossen.
[i] Unterschied zu gering (0.00 < 20) – kein Alert.
[i] Keine Änderung bei Twitter Tomasz Frölich, Screenshot verworfen.
[+] Capturing: Twitter Franz Schmid -> https://nitter.space/FranzSchmid_AfD
[~] Versuche Facebook-Popups zu entfernen ...
[~] Kein Login-Overlay erkannt
[~] Popup-Handling abgeschlossen.
[i] Unterschied zu gering (0.00 < 20) – kein Alert.
[i] Keine Änderung bei Twitter Franz Schmid, Screenshot verworfen.
[+] Capturing: Twitter Dirk Brandes -> https://nitter.space/DirkBrandes74
[~] Versuche Facebook-Popups zu entfernen ...
[~] Kein Login-Overlay erkannt
[~] Popup-Handling abgeschlossen.
[i] Unterschied zu gering (0.00 < 20) – kein Alert.
[i] Keine Änderung bei Twitter Dirk Brandes, Screenshot verworfen.
[+] Capturing: Twitter Klaus Esser -> https://nitter.space/klausesser_nrw
[~] Versuche Facebook-Popups zu entfernen ...
[~] Kein Login-Overlay erkannt
[~] Popup-Handling abgeschlossen.
[i] Unterschied zu gering (0.00 < 20) – kein Alert.
[i] Keine Änderung bei Twitter Klaus Esser, Screenshot verworfen.
