[+] Starte Scraper im Container 3651badd6949 (2025-03-29_10-33-17)

[+] Capturing: AfD Weilheim-Schongau News -> https://www.afd-weilheim-schongau.de/neu/
[~] Versuche Facebook-Popups zu entfernen ...
[~] Kein Login-Overlay erkannt
[~] Popup-Handling abgeschlossen.
[+] Capturing: AfD Bayern KV Weilheim-Schongau -> https://afdbayern.de/kreis-ortsverbaende/oberbayern/weilheim-schongau/
[~] Versuche Facebook-Popups zu entfernen ...
[~] Kein Login-Overlay erkannt
[~] Popup-Handling abgeschlossen.
[+] Capturing: AfD Bayern KV Garmisch-Partenkirchen -> https://afdbayern.de/kreis-ortsverbaende/oberbayern/garmisch-partenkirchen/
[~] Versuche Facebook-Popups zu entfernen ...
[~] Kein Login-Overlay erkannt
[~] Popup-Handling abgeschlossen.
[+] Capturing: AfD Bayern KV Starnberg -> https://afdbayern.de/kreis-ortsverbaende/oberbayern/starnberg/
[~] Versuche Facebook-Popups zu entfernen ...
[~] Kein Login-Overlay erkannt
[~] Popup-Handling abgeschlossen.
[+] Capturing: AfD Bayern KV Bad Tölz -> https://afdbayern.de/kreis-ortsverbaende/oberbayern/badtoelz/
[~] Versuche Facebook-Popups zu entfernen ...
[~] Kein Login-Overlay erkannt
[~] Popup-Handling abgeschlossen.
[+] Capturing: AfD Oberbayern -> https://www.afd-oberbayern.de/
[~] Versuche Facebook-Popups zu entfernen ...
[~] Kein Login-Overlay erkannt
[~] Popup-Handling abgeschlossen.
[+] Capturing: AfD Miesbach -> https://www.afd-miesbach.de/
[~] Versuche Facebook-Popups zu entfernen ...
[~] Kein Login-Overlay erkannt
[~] Popup-Handling abgeschlossen.
[+] Capturing: AfD Miesbach News -> https://www.afd-miesbach.de/corona-fakten-medien-2/
[❌] Fehler bei https://www.afd-miesbach.de/corona-fakten-medien-2/: Timeout 15000ms exceeded.
[+] Capturing: AfD Ulrich Singer -> https://singer-afd.de/
[~] Versuche Facebook-Popups zu entfernen ...
[~] Kein Login-Overlay erkannt
[~] Popup-Handling abgeschlossen.
[+] Capturing: AfD Bad Tölz News -> https://www.afd-toelz.de/pressemitteilungen-des-afd-kreisverbandes-toelz/
[~] Versuche Facebook-Popups zu entfernen ...
[~] Kein Login-Overlay erkannt
[~] Popup-Handling abgeschlossen.
[+] Capturing: AfD Starnberg -> https://afd-starnberg.de/
[~] Versuche Facebook-Popups zu entfernen ...
[~] Kein Login-Overlay erkannt
[~] Popup-Handling abgeschlossen.
[+] Capturing: Twitter Pauline Pezold -> https://nitter.space/PaulinePezold
[~] Versuche Facebook-Popups zu entfernen ...
[~] Kein Login-Overlay erkannt
[~] Popup-Handling abgeschlossen.
[+] Capturing: Twitter Politico Europe -> https://nitter.space/POLITICOEurope
[~] Versuche Facebook-Popups zu entfernen ...
[~] Kein Login-Overlay erkannt
[~] Popup-Handling abgeschlossen.
[+] Capturing: Twitter Marie-Therese Kaiser -> https://nitter.space/hallofraukaiser
[~] Versuche Facebook-Popups zu entfernen ...
[~] Kein Login-Overlay erkannt
[~] Popup-Handling abgeschlossen.
[+] Capturing: Twitter AfD -> https://nitter.space/AfD
[~] Versuche Facebook-Popups zu entfernen ...
[~] Kein Login-Overlay erkannt
[~] Popup-Handling abgeschlossen.
[+] Capturing: Twitter AfD Bundestag -> https://nitter.space/AfDimBundestag
[~] Versuche Facebook-Popups zu entfernen ...
[~] Kein Login-Overlay erkannt
[~] Popup-Handling abgeschlossen.
[+] Capturing: Twitter Gerrit Huy -> https://nitter.space/GerritHuy
[~] Versuche Facebook-Popups zu entfernen ...
[~] Kein Login-Overlay erkannt
[~] Popup-Handling abgeschlossen.
[+] Capturing: Twitter Benjamin Nolte -> https://nitter.space/BenjaminNolte3
[~] Versuche Facebook-Popups zu entfernen ...
[~] Kein Login-Overlay erkannt
[~] Popup-Handling abgeschlossen.
[+] Capturing: Twitter Alexander Gauland -> https://nitter.space/ag_afd
[~] Versuche Facebook-Popups zu entfernen ...
[~] Kein Login-Overlay erkannt
[~] Popup-Handling abgeschlossen.
[+] Capturing: Twitter Ingo Hahn -> https://nitter.space/IngoHahnAfD
[~] Versuche Facebook-Popups zu entfernen ...
[~] Kein Login-Overlay erkannt
[~] Popup-Handling abgeschlossen.
[+] Capturing: Twitter Alice Weidel -> https://nitter.space/Alice_Weidel
[~] Versuche Facebook-Popups zu entfernen ...
[~] Kein Login-Overlay erkannt
[~] Popup-Handling abgeschlossen.
[+] Capturing: Twitter Björn Höcke -> https://nitter.space/BjoernHoecke
[~] Versuche Facebook-Popups zu entfernen ...
[~] Kein Login-Overlay erkannt
[~] Popup-Handling abgeschlossen.
[+] Capturing: Twitter Beatrix von Storch -> https://nitter.space/Beatrix_vStorch
[~] Versuche Facebook-Popups zu entfernen ...
[~] Kein Login-Overlay erkannt
[~] Popup-Handling abgeschlossen.
[+] Capturing: Twitter Tino Chrupalla -> https://nitter.space/Tino_Chrupalla
[~] Versuche Facebook-Popups zu entfernen ...
[~] Kein Login-Overlay erkannt
[~] Popup-Handling abgeschlossen.
[+] Capturing: Twitter Hannes Gnauck -> https://nitter.space/Hannes_Gnauck
[~] Versuche Facebook-Popups zu entfernen ...
[~] Kein Login-Overlay erkannt
[~] Popup-Handling abgeschlossen.
[+] Capturing: Twitter Sven Kachelmann -> https://nitter.space/SvenKachelmann
[~] Versuche Facebook-Popups zu entfernen ...
[~] Kein Login-Overlay erkannt
[~] Popup-Handling abgeschlossen.
[+] Capturing: Twitter Tomasz Frölich -> https://nitter.space/TomaszFroelich
[~] Versuche Facebook-Popups zu entfernen ...
[~] Kein Login-Overlay erkannt
[~] Popup-Handling abgeschlossen.
[+] Capturing: Twitter Franz Schmid -> https://nitter.space/FranzSchmid_AfD
[~] Versuche Facebook-Popups zu entfernen ...
[~] Kein Login-Overlay erkannt
[~] Popup-Handling abgeschlossen.
[+] Capturing: Twitter Dirk Brandes -> https://nitter.space/DirkBrandes74
[~] Versuche Facebook-Popups zu entfernen ...
[~] Kein Login-Overlay erkannt
[~] Popup-Handling abgeschlossen.
[+] Capturing: Twitter Klaus Esser -> https://nitter.space/klausesser_nrw
[~] Versuche Facebook-Popups zu entfernen ...
[~] Kein Login-Overlay erkannt
[~] Popup-Handling abgeschlossen.
[+] Capturing: Twitter Julia Klöckner -> https://nitter.space/JuliaKloeckner
[~] Versuche Facebook-Popups zu entfernen ...
[~] Kein Login-Overlay erkannt
[~] Popup-Handling abgeschlossen.
