[+] Starte Scraper im Container 96e939a23068 (2025-03-28_23-20-01)

[+] Capturing: AfD Weilheim-Schongau -> https://www.afd-weilheim-schongau.de/
[~] Versuche Facebook-Popups zu entfernen ...
[~] Kein Login-Overlay erkannt
[~] Popup-Handling abgeschlossen.
[i] Unterschied zu gering (0.00 < 20) – kein Alert.
[i] Keine Änderung bei AfD Weilheim-Schongau, Screenshot verworfen.
[+] Capturing: AfD Weilheim-Schongau News -> https://www.afd-weilheim-schongau.de/neu/
[~] Versuche Facebook-Popups zu entfernen ...
[~] Kein Login-Overlay erkannt
[~] Popup-Handling abgeschlossen.
[!] Änderung erkannt (49.55 >= 20)
[+] Capturing: AfD Bayern KV Weilheim-Schongau -> https://afdbayern.de/kreis-ortsverbaende/oberbayern/weilheim-schongau/
[~] Versuche Facebook-Popups zu entfernen ...
[~] Kein Login-Overlay erkannt
[~] Popup-Handling abgeschlossen.
[!] Änderung erkannt (66.03 >= 20)
[+] Capturing: AfD Bayern KV Garmisch-Partenkirchen -> https://afdbayern.de/kreis-ortsverbaende/oberbayern/garmisch-partenkirchen/
[~] Versuche Facebook-Popups zu entfernen ...
[~] Kein Login-Overlay erkannt
[~] Popup-Handling abgeschlossen.
[!] Änderung erkannt (81.62 >= 20)
[+] Capturing: AfD Bayern KV Starnberg -> https://afdbayern.de/kreis-ortsverbaende/oberbayern/starnberg/
[~] Versuche Facebook-Popups zu entfernen ...
[~] Kein Login-Overlay erkannt
[~] Popup-Handling abgeschlossen.
[!] Änderung erkannt (80.97 >= 20)
[+] Capturing: AfD Bayern KV Bad Tölz -> https://afdbayern.de/kreis-ortsverbaende/oberbayern/badtoelz/
[~] Versuche Facebook-Popups zu entfernen ...
[~] Kein Login-Overlay erkannt
[~] Popup-Handling abgeschlossen.
[!] Änderung erkannt (76.63 >= 20)
[+] Capturing: AfD Bayern KV Miesbach -> https://afdbayern.de/kreis-ortsverbaende/oberbayern/oberbayern-sued/
[~] Versuche Facebook-Popups zu entfernen ...
[~] Kein Login-Overlay erkannt
[~] Popup-Handling abgeschlossen.
[!] Änderung erkannt (80.87 >= 20)
[+] Capturing: AfD Oberbayern -> https://www.afd-oberbayern.de/
[~] Versuche Facebook-Popups zu entfernen ...
[~] Kein Login-Overlay erkannt
[~] Popup-Handling abgeschlossen.
[!] Änderung erkannt (68.00 >= 20)
[+] Capturing: AfD Miesbach -> https://www.afd-miesbach.de/
[~] Versuche Facebook-Popups zu entfernen ...
[~] Kein Login-Overlay erkannt
[~] Popup-Handling abgeschlossen.
[i] Unterschied zu gering (0.00 < 20) – kein Alert.
[i] Keine Änderung bei AfD Miesbach, Screenshot verworfen.
[+] Capturing: AfD Miesbach News -> https://www.afd-miesbach.de/corona-fakten-medien-2/
[~] Versuche Facebook-Popups zu entfernen ...
[~] Kein Login-Overlay erkannt
[~] Popup-Handling abgeschlossen.
[i] Unterschied zu gering (9.87 < 20) – kein Alert.
[i] Keine Änderung bei AfD Miesbach News, Screenshot verworfen.
[+] Capturing: AfD Ulrich Singer -> https://singer-afd.de/
[~] Versuche Facebook-Popups zu entfernen ...
[~] Kein Login-Overlay erkannt
[~] Popup-Handling abgeschlossen.
[i] Unterschied zu gering (13.72 < 20) – kein Alert.
[i] Keine Änderung bei AfD Ulrich Singer, Screenshot verworfen.
[+] Capturing: AfD Bad Tölz -> https://www.afd-toelz.de/
[~] Versuche Facebook-Popups zu entfernen ...
[~] Kein Login-Overlay erkannt
[~] Popup-Handling abgeschlossen.
[i] Unterschied zu gering (0.00 < 20) – kein Alert.
[i] Keine Änderung bei AfD Bad Tölz, Screenshot verworfen.
[+] Capturing: AfD Bad Tölz News -> https://www.afd-toelz.de/pressemitteilungen-des-afd-kreisverbandes-toelz/
[~] Versuche Facebook-Popups zu entfernen ...
[~] Kein Login-Overlay erkannt
[~] Popup-Handling abgeschlossen.
[!] Änderung erkannt (64.37 >= 20)
[+] Capturing: AfD Starnberg -> https://afd-starnberg.de/
[~] Versuche Facebook-Popups zu entfernen ...
[~] Kein Login-Overlay erkannt
[~] Popup-Handling abgeschlossen.
[i] Unterschied zu gering (0.01 < 20) – kein Alert.
[i] Keine Änderung bei AfD Starnberg, Screenshot verworfen.
[+] Capturing: Twitter Pauline Pezold -> https://nitter.space/PaulinePezold
[~] Versuche Facebook-Popups zu entfernen ...
[~] Kein Login-Overlay erkannt
[~] Popup-Handling abgeschlossen.
[i] Unterschied zu gering (0.00 < 20) – kein Alert.
[i] Keine Änderung bei Twitter Pauline Pezold, Screenshot verworfen.
[+] Capturing: Twitter Politico Europe -> https://nitter.space/POLITICOEurope
[~] Versuche Facebook-Popups zu entfernen ...
[~] Kein Login-Overlay erkannt
[~] Popup-Handling abgeschlossen.
[i] Unterschied zu gering (0.01 < 20) – kein Alert.
[i] Keine Änderung bei Twitter Politico Europe, Screenshot verworfen.
[+] Capturing: Twitter Marie-Therese Kaiser -> https://nitter.space/hallofraukaiser
[~] Versuche Facebook-Popups zu entfernen ...
[~] Kein Login-Overlay erkannt
[~] Popup-Handling abgeschlossen.
[i] Unterschied zu gering (17.51 < 20) – kein Alert.
[i] Keine Änderung bei Twitter Marie-Therese Kaiser, Screenshot verworfen.
[+] Capturing: Twitter AfD -> https://nitter.space/AfD
[~] Versuche Facebook-Popups zu entfernen ...
[~] Kein Login-Overlay erkannt
[~] Popup-Handling abgeschlossen.
[i] Unterschied zu gering (0.00 < 20) – kein Alert.
[i] Keine Änderung bei Twitter AfD, Screenshot verworfen.
[+] Capturing: Twitter AfD Bundestag -> https://nitter.space/AfDimBundestag
[~] Versuche Facebook-Popups zu entfernen ...
[~] Kein Login-Overlay erkannt
[~] Popup-Handling abgeschlossen.
[i] Unterschied zu gering (0.00 < 20) – kein Alert.
[i] Keine Änderung bei Twitter AfD Bundestag, Screenshot verworfen.
[+] Capturing: Twitter Gerrit Huy -> https://nitter.space/GerritHuy
[~] Versuche Facebook-Popups zu entfernen ...
[~] Kein Login-Overlay erkannt
[~] Popup-Handling abgeschlossen.
[i] Unterschied zu gering (0.00 < 20) – kein Alert.
[i] Keine Änderung bei Twitter Gerrit Huy, Screenshot verworfen.
[+] Capturing: Twitter Benjamin Nolte -> https://nitter.space/BenjaminNolte3
[~] Versuche Facebook-Popups zu entfernen ...
[~] Kein Login-Overlay erkannt
[~] Popup-Handling abgeschlossen.
[i] Unterschied zu gering (0.00 < 20) – kein Alert.
[i] Keine Änderung bei Twitter Benjamin Nolte, Screenshot verworfen.
[+] Capturing: Twitter Alexander Gauland -> https://nitter.space/ag_afd
[~] Versuche Facebook-Popups zu entfernen ...
[~] Kein Login-Overlay erkannt
[~] Popup-Handling abgeschlossen.
[!] Änderung erkannt (28.94 >= 20)
[+] Capturing: Twitter Ingo Hahn -> https://nitter.space/IngoHahnAfD
[~] Versuche Facebook-Popups zu entfernen ...
[~] Kein Login-Overlay erkannt
[~] Popup-Handling abgeschlossen.
[i] Unterschied zu gering (0.00 < 20) – kein Alert.
[i] Keine Änderung bei Twitter Ingo Hahn, Screenshot verworfen.
[+] Capturing: Twitter Alice Weidel -> https://nitter.space/Alice_Weidel
[~] Versuche Facebook-Popups zu entfernen ...
[~] Kein Login-Overlay erkannt
[~] Popup-Handling abgeschlossen.
[i] Unterschied zu gering (0.30 < 20) – kein Alert.
[i] Keine Änderung bei Twitter Alice Weidel, Screenshot verworfen.
[+] Capturing: Twitter Björn Höcke -> https://nitter.space/BjoernHoecke
[~] Versuche Facebook-Popups zu entfernen ...
[~] Kein Login-Overlay erkannt
[~] Popup-Handling abgeschlossen.
[i] Unterschied zu gering (0.01 < 20) – kein Alert.
[i] Keine Änderung bei Twitter Björn Höcke, Screenshot verworfen.
[+] Capturing: Twitter Beatrix von Storch -> https://nitter.space/Beatrix_vStorch
[~] Versuche Facebook-Popups zu entfernen ...
[~] Kein Login-Overlay erkannt
[~] Popup-Handling abgeschlossen.
[i] Unterschied zu gering (9.92 < 20) – kein Alert.
[i] Keine Änderung bei Twitter Beatrix von Storch, Screenshot verworfen.
[+] Capturing: Twitter Tino Chrupalla -> https://nitter.space/Tino_Chrupalla
[~] Versuche Facebook-Popups zu entfernen ...
[~] Kein Login-Overlay erkannt
[~] Popup-Handling abgeschlossen.
[i] Unterschied zu gering (0.00 < 20) – kein Alert.
[i] Keine Änderung bei Twitter Tino Chrupalla, Screenshot verworfen.
[+] Capturing: Twitter Hannes Gnauck -> https://nitter.space/Hannes_Gnauck
[~] Versuche Facebook-Popups zu entfernen ...
[~] Kein Login-Overlay erkannt
[~] Popup-Handling abgeschlossen.
[i] Unterschied zu gering (0.00 < 20) – kein Alert.
[i] Keine Änderung bei Twitter Hannes Gnauck, Screenshot verworfen.
[+] Capturing: Twitter Sven Kachelmann -> https://nitter.space/SvenKachelmann
[~] Versuche Facebook-Popups zu entfernen ...
[~] Kein Login-Overlay erkannt
[~] Popup-Handling abgeschlossen.
[i] Unterschied zu gering (0.00 < 20) – kein Alert.
[i] Keine Änderung bei Twitter Sven Kachelmann, Screenshot verworfen.
[+] Capturing: Twitter Tomasz Frölich -> https://nitter.space/TomaszFroelich
[~] Versuche Facebook-Popups zu entfernen ...
[~] Kein Login-Overlay erkannt
[~] Popup-Handling abgeschlossen.
[i] Unterschied zu gering (0.01 < 20) – kein Alert.
[i] Keine Änderung bei Twitter Tomasz Frölich, Screenshot verworfen.
[+] Capturing: Twitter Franz Schmid -> https://nitter.space/FranzSchmid_AfD
[~] Versuche Facebook-Popups zu entfernen ...
[~] Kein Login-Overlay erkannt
[~] Popup-Handling abgeschlossen.
[i] Unterschied zu gering (1.31 < 20) – kein Alert.
[i] Keine Änderung bei Twitter Franz Schmid, Screenshot verworfen.
[+] Capturing: Twitter Dirk Brandes -> https://nitter.space/DirkBrandes74
[~] Versuche Facebook-Popups zu entfernen ...
[~] Kein Login-Overlay erkannt
[~] Popup-Handling abgeschlossen.
[i] Unterschied zu gering (0.00 < 20) – kein Alert.
[i] Keine Änderung bei Twitter Dirk Brandes, Screenshot verworfen.
[+] Capturing: Twitter Klaus Esser -> https://nitter.space/klausesser_nrw
[~] Versuche Facebook-Popups zu entfernen ...
[~] Kein Login-Overlay erkannt
[~] Popup-Handling abgeschlossen.
[i] Unterschied zu gering (0.00 < 20) – kein Alert.
[i] Keine Änderung bei Twitter Klaus Esser, Screenshot verworfen.
