
git push v1.0

git add

git push


git push v1.0

git add

git push

Everything up-to-date

git push v1.0

git add

git push

Everything up-to-date

git push v1.0

git add

git push

Everything up-to-date

git push v1.0

git add

git push

Everything up-to-date
[main b28dad16] Automatisches Update: 2025-03-26 21:58:39
 247 files changed, 1488 insertions(+)
 create mode 100644 headers_09.195.70.100.txt
 create mode 100644 headers_09.195.70.101.txt
 create mode 100644 headers_09.195.70.102.txt
 create mode 100644 headers_09.195.70.103.txt
 create mode 100644 headers_09.195.70.104.txt
 create mode 100644 headers_09.195.70.105.txt
 create mode 100644 headers_09.195.70.106.txt
 create mode 100644 headers_09.195.70.107.txt
 create mode 100644 headers_09.195.70.108.txt
 create mode 100644 headers_09.195.70.109.txt
 create mode 100644 headers_09.195.70.110.txt
 create mode 100644 headers_09.195.70.111.txt
 create mode 100644 headers_09.195.70.112.txt
 create mode 100644 headers_09.195.70.113.txt
 create mode 100644 headers_09.195.70.114.txt
 create mode 100644 headers_09.195.70.115.txt
 create mode 100644 headers_09.195.70.116.txt
 create mode 100644 headers_09.195.70.117.txt
 create mode 100644 headers_09.195.70.118.txt
 create mode 100644 headers_09.195.70.119.txt
 create mode 100644 headers_09.195.70.120.txt
 create mode 100644 headers_09.195.70.121.txt
 create mode 100644 headers_09.195.70.122.txt
 create mode 100644 headers_09.195.70.123.txt
 create mode 100644 headers_09.195.70.124.txt
 create mode 100644 headers_09.195.70.125.txt
 create mode 100644 headers_09.195.70.126.txt
 create mode 100644 headers_09.195.70.127.txt
 create mode 100644 headers_09.195.70.128.txt
 create mode 100644 headers_09.195.70.129.txt
 create mode 100644 headers_09.195.70.130.txt
 create mode 100644 headers_09.195.70.131.txt
 create mode 100644 headers_09.195.70.132.txt
 create mode 100644 headers_09.195.70.133.txt
 create mode 100644 headers_09.195.70.134.txt
 create mode 100644 headers_09.195.70.135.txt
 create mode 100644 headers_09.195.70.136.txt
 create mode 100644 headers_09.195.70.137.txt
 create mode 100644 headers_09.195.70.138.txt
 create mode 100644 headers_09.195.70.139.txt
 create mode 100644 headers_09.195.70.140.txt
 create mode 100644 headers_09.195.70.141.txt
 create mode 100644 headers_09.195.70.142.txt
 create mode 100644 headers_09.195.70.143.txt
 create mode 100644 headers_09.195.70.144.txt
 create mode 100644 headers_09.195.70.145.txt
 create mode 100644 headers_09.195.70.146.txt
 create mode 100644 headers_09.195.70.147.txt
 create mode 100644 headers_09.195.70.148.txt
 create mode 100644 headers_09.195.70.149.txt
 create mode 100644 headers_09.195.70.150.txt
 create mode 100644 headers_09.195.70.151.txt
 create mode 100644 headers_09.195.70.152.txt
 create mode 100644 headers_09.195.70.153.txt
 create mode 100644 headers_09.195.70.154.txt
 create mode 100644 headers_09.195.70.155.txt
 create mode 100644 headers_09.195.70.156.txt
 create mode 100644 headers_09.195.70.157.txt
 create mode 100644 headers_09.195.70.158.txt
 create mode 100644 headers_09.195.70.159.txt
 create mode 100644 headers_09.195.70.160.txt
 create mode 100644 headers_09.195.70.161.txt
 create mode 100644 headers_09.195.70.162.txt
 create mode 100644 headers_09.195.70.163.txt
 create mode 100644 headers_09.195.70.164.txt
 create mode 100644 headers_09.195.70.165.txt
 create mode 100644 headers_09.195.70.166.txt
 create mode 100644 headers_09.195.70.85.txt
 create mode 100644 headers_09.195.70.86.txt
 create mode 100644 headers_09.195.70.87.txt
 create mode 100644 headers_09.195.70.88.txt
 create mode 100644 headers_09.195.70.89.txt
 create mode 100644 headers_09.195.70.90.txt
 create mode 100644 headers_09.195.70.91.txt
 create mode 100644 headers_09.195.70.92.txt
 create mode 100644 headers_09.195.70.93.txt
 create mode 100644 headers_09.195.70.94.txt
 create mode 100644 headers_09.195.70.95.txt
 create mode 100644 headers_09.195.70.96.txt
 create mode 100644 headers_09.195.70.97.txt
 create mode 100644 headers_09.195.70.98.txt
 create mode 100644 headers_09.195.70.99.txt
 create mode 100644 nikto_09.195.70.100.txt
 create mode 100644 nikto_09.195.70.101.txt
 create mode 100644 nikto_09.195.70.102.txt
 create mode 100644 nikto_09.195.70.103.txt
 create mode 100644 nikto_09.195.70.104.txt
 create mode 100644 nikto_09.195.70.105.txt
 create mode 100644 nikto_09.195.70.106.txt
 create mode 100644 nikto_09.195.70.107.txt
 create mode 100644 nikto_09.195.70.108.txt
 create mode 100644 nikto_09.195.70.109.txt
 create mode 100644 nikto_09.195.70.110.txt
 create mode 100644 nikto_09.195.70.111.txt
 create mode 100644 nikto_09.195.70.112.txt
 create mode 100644 nikto_09.195.70.113.txt
 create mode 100644 nikto_09.195.70.114.txt
 create mode 100644 nikto_09.195.70.115.txt
 create mode 100644 nikto_09.195.70.116.txt
 create mode 100644 nikto_09.195.70.117.txt
 create mode 100644 nikto_09.195.70.118.txt
 create mode 100644 nikto_09.195.70.119.txt
 create mode 100644 nikto_09.195.70.120.txt
 create mode 100644 nikto_09.195.70.121.txt
 create mode 100644 nikto_09.195.70.122.txt
 create mode 100644 nikto_09.195.70.123.txt
 create mode 100644 nikto_09.195.70.124.txt
 create mode 100644 nikto_09.195.70.125.txt
 create mode 100644 nikto_09.195.70.126.txt
 create mode 100644 nikto_09.195.70.127.txt
 create mode 100644 nikto_09.195.70.128.txt
 create mode 100644 nikto_09.195.70.129.txt
 create mode 100644 nikto_09.195.70.130.txt
 create mode 100644 nikto_09.195.70.131.txt
 create mode 100644 nikto_09.195.70.132.txt
 create mode 100644 nikto_09.195.70.133.txt
 create mode 100644 nikto_09.195.70.134.txt
 create mode 100644 nikto_09.195.70.135.txt
 create mode 100644 nikto_09.195.70.136.txt
 create mode 100644 nikto_09.195.70.137.txt
 create mode 100644 nikto_09.195.70.138.txt
 create mode 100644 nikto_09.195.70.139.txt
 create mode 100644 nikto_09.195.70.140.txt
 create mode 100644 nikto_09.195.70.141.txt
 create mode 100644 nikto_09.195.70.142.txt
 create mode 100644 nikto_09.195.70.143.txt
 create mode 100644 nikto_09.195.70.144.txt
 create mode 100644 nikto_09.195.70.145.txt
 create mode 100644 nikto_09.195.70.146.txt
 create mode 100644 nikto_09.195.70.147.txt
 create mode 100644 nikto_09.195.70.148.txt
 create mode 100644 nikto_09.195.70.149.txt
 create mode 100644 nikto_09.195.70.150.txt
 create mode 100644 nikto_09.195.70.151.txt
 create mode 100644 nikto_09.195.70.152.txt
 create mode 100644 nikto_09.195.70.153.txt
 create mode 100644 nikto_09.195.70.154.txt
 create mode 100644 nikto_09.195.70.155.txt
 create mode 100644 nikto_09.195.70.156.txt
 create mode 100644 nikto_09.195.70.157.txt
 create mode 100644 nikto_09.195.70.158.txt
 create mode 100644 nikto_09.195.70.159.txt
 create mode 100644 nikto_09.195.70.160.txt
 create mode 100644 nikto_09.195.70.161.txt
 create mode 100644 nikto_09.195.70.162.txt
 create mode 100644 nikto_09.195.70.163.txt
 create mode 100644 nikto_09.195.70.164.txt
 create mode 100644 nikto_09.195.70.165.txt
 create mode 100644 nikto_09.195.70.166.txt
 create mode 100644 nikto_09.195.70.85.txt
 create mode 100644 nikto_09.195.70.86.txt
 create mode 100644 nikto_09.195.70.87.txt
 create mode 100644 nikto_09.195.70.88.txt
 create mode 100644 nikto_09.195.70.89.txt
 create mode 100644 nikto_09.195.70.90.txt
 create mode 100644 nikto_09.195.70.91.txt
 create mode 100644 nikto_09.195.70.92.txt
 create mode 100644 nikto_09.195.70.93.txt
 create mode 100644 nikto_09.195.70.94.txt
 create mode 100644 nikto_09.195.70.95.txt
 create mode 100644 nikto_09.195.70.96.txt
 create mode 100644 nikto_09.195.70.97.txt
 create mode 100644 nikto_09.195.70.98.txt
 create mode 100644 nikto_09.195.70.99.txt
 create mode 100644 nmap_09.195.70.100.txt
 create mode 100644 nmap_09.195.70.101.txt
 create mode 100644 nmap_09.195.70.102.txt
 create mode 100644 nmap_09.195.70.103.txt
 create mode 100644 nmap_09.195.70.104.txt
 create mode 100644 nmap_09.195.70.105.txt
 create mode 100644 nmap_09.195.70.106.txt
 create mode 100644 nmap_09.195.70.107.txt
 create mode 100644 nmap_09.195.70.108.txt
 create mode 100644 nmap_09.195.70.109.txt
 create mode 100644 nmap_09.195.70.110.txt
 create mode 100644 nmap_09.195.70.111.txt
 create mode 100644 nmap_09.195.70.112.txt
 create mode 100644 nmap_09.195.70.113.txt
 create mode 100644 nmap_09.195.70.114.txt
 create mode 100644 nmap_09.195.70.115.txt
 create mode 100644 nmap_09.195.70.116.txt
 create mode 100644 nmap_09.195.70.117.txt
 create mode 100644 nmap_09.195.70.118.txt
 create mode 100644 nmap_09.195.70.119.txt
 create mode 100644 nmap_09.195.70.120.txt
 create mode 100644 nmap_09.195.70.121.txt
 create mode 100644 nmap_09.195.70.122.txt
 create mode 100644 nmap_09.195.70.123.txt
 create mode 100644 nmap_09.195.70.124.txt
 create mode 100644 nmap_09.195.70.125.txt
 create mode 100644 nmap_09.195.70.126.txt
 create mode 100644 nmap_09.195.70.127.txt
 create mode 100644 nmap_09.195.70.128.txt
 create mode 100644 nmap_09.195.70.129.txt
 create mode 100644 nmap_09.195.70.130.txt
 create mode 100644 nmap_09.195.70.131.txt
 create mode 100644 nmap_09.195.70.132.txt
 create mode 100644 nmap_09.195.70.133.txt
 create mode 100644 nmap_09.195.70.134.txt
 create mode 100644 nmap_09.195.70.135.txt
 create mode 100644 nmap_09.195.70.136.txt
 create mode 100644 nmap_09.195.70.137.txt
 create mode 100644 nmap_09.195.70.138.txt
 create mode 100644 nmap_09.195.70.139.txt
 create mode 100644 nmap_09.195.70.140.txt
 create mode 100644 nmap_09.195.70.141.txt
 create mode 100644 nmap_09.195.70.142.txt
 create mode 100644 nmap_09.195.70.143.txt
 create mode 100644 nmap_09.195.70.144.txt
 create mode 100644 nmap_09.195.70.145.txt
 create mode 100644 nmap_09.195.70.146.txt
 create mode 100644 nmap_09.195.70.147.txt
 create mode 100644 nmap_09.195.70.148.txt
 create mode 100644 nmap_09.195.70.149.txt
 create mode 100644 nmap_09.195.70.150.txt
 create mode 100644 nmap_09.195.70.151.txt
 create mode 100644 nmap_09.195.70.152.txt
 create mode 100644 nmap_09.195.70.153.txt
 create mode 100644 nmap_09.195.70.154.txt
 create mode 100644 nmap_09.195.70.155.txt
 create mode 100644 nmap_09.195.70.156.txt
 create mode 100644 nmap_09.195.70.157.txt
 create mode 100644 nmap_09.195.70.158.txt
 create mode 100644 nmap_09.195.70.159.txt
 create mode 100644 nmap_09.195.70.160.txt
 create mode 100644 nmap_09.195.70.161.txt
 create mode 100644 nmap_09.195.70.162.txt
 create mode 100644 nmap_09.195.70.163.txt
 create mode 100644 nmap_09.195.70.164.txt
 create mode 100644 nmap_09.195.70.165.txt
 create mode 100644 nmap_09.195.70.166.txt
 create mode 100644 nmap_09.195.70.85.txt
 create mode 100644 nmap_09.195.70.86.txt
 create mode 100644 nmap_09.195.70.87.txt
 create mode 100644 nmap_09.195.70.88.txt
 create mode 100644 nmap_09.195.70.89.txt
 create mode 100644 nmap_09.195.70.90.txt
 create mode 100644 nmap_09.195.70.91.txt
 create mode 100644 nmap_09.195.70.92.txt
 create mode 100644 nmap_09.195.70.93.txt
 create mode 100644 nmap_09.195.70.94.txt
 create mode 100644 nmap_09.195.70.95.txt
 create mode 100644 nmap_09.195.70.96.txt
 create mode 100644 nmap_09.195.70.97.txt
 create mode 100644 nmap_09.195.70.98.txt
 create mode 100644 nmap_09.195.70.99.txt
From github.com:derlemue/osint
 * branch              main       -> FETCH_HEAD
Current branch main is up to date.
To github.com:derlemue/osint.git
   7874be31..b28dad16  main -> main
Push abgeschlossen am Wed Mar 26 09:58:45 PM UTC 2025
/root/stauffenberg_bot/gitpush.sh: line 8: cd: /root/stauffenbot/: No such file or directory
/root/stauffenberg_bot/gitpush.sh: line 8: cd: /root/stauffenbot/: No such file or directory
[master 852f668] Automatisches Update: 2025-03-26 21:59:40
 23 files changed, 313 insertions(+)
 create mode 100644 "data/screenshots/AfD_Bad_T\303\266lz_2025-03-26_21-57-18.png"
 create mode 100644 "data/screenshots/AfD_Bad_T\303\266lz_News_2025-03-26_21-57-31.png"
 create mode 100644 "data/screenshots/AfD_Bayern_KV_Bad_T\303\266lz_2025-03-26_21-55-57.png"
 create mode 100644 data/screenshots/AfD_Bayern_KV_Garmisch-Partenkirchen_2025-03-26_21-55-35.png
 create mode 100644 data/screenshots/AfD_Bayern_KV_Miesbach_2025-03-26_21-56-08.png
 create mode 100644 data/screenshots/AfD_Bayern_KV_Starnberg_2025-03-26_21-55-46.png
 create mode 100644 data/screenshots/AfD_Bayern_KV_Weilheim-Schongau_2025-03-26_21-55-24.png
 create mode 100644 data/screenshots/AfD_Miesbach_2025-03-26_21-56-34.png
 create mode 100644 data/screenshots/AfD_Miesbach_News_2025-03-26_21-56-50.png
 create mode 100644 data/screenshots/AfD_Oberbayern_2025-03-26_21-56-19.png
 create mode 100644 data/screenshots/AfD_Starnberg_2025-03-26_21-57-43.png
 create mode 100644 data/screenshots/AfD_Ulrich_Singer_2025-03-26_21-57-04.png
 create mode 100644 data/screenshots/AfD_Weilheim-Schongau_2025-03-26_21-54-57.png
 create mode 100644 data/screenshots/AfD_Weilheim-Schongau_News_2025-03-26_21-55-13.png
 create mode 100644 data/screenshots/Facebook_AfD_Miesbach_2025-03-26_21-59-21.png
 create mode 100644 data/screenshots/Facebook_Benjamin_Nolte_2025-03-26_21-59-00.png
 create mode 100644 data/screenshots/Facebook_Gerrit_Huy_2025-03-26_21-58-20.png
 create mode 100644 data/screenshots/Instagram_Gerrit_Huy_2025-03-26_21-57-59.png
 create mode 100644 data/screenshots/Twitter_Gerrit_Huy_2025-03-26_21-58-33.png
 create mode 100644 gitpush.log
 create mode 100755 gitpush.sh
error: cannot pull with rebase: You have unstaged changes.
error: Please commit or stash them.
error: src refspec main does not match any
error: failed to push some refs to 'github.com:derlemue/web-crawler.git'
Push abgeschlossen am Wed Mar 26 09:59:41 PM UTC 2025
[master f74c257] Automatisches Update: 2025-03-26 21:59:54
 2 files changed, 28 insertions(+)
 create mode 100644 data/screenshots/Facebook_Ingo_Hahn_2025-03-26_21-59-42.png
error: cannot pull with rebase: You have unstaged changes.
error: Please commit or stash them.
error: src refspec main does not match any
error: failed to push some refs to 'github.com:derlemue/web-crawler.git'
Push abgeschlossen am Wed Mar 26 09:59:55 PM UTC 2025
